[2022-07-06T11:42:07.683] [WARN] fileWarn - Recurso inexistente NaN://localhost:8080/css/login.css
[2022-07-06T11:42:07.702] [WARN] fileWarn - Recurso inexistente NaN://localhost:8080/scripts/login.js
[2022-07-06T11:42:07.710] [WARN] fileWarn - Recurso inexistente NaN://localhost:8080/images/logocoder.png
[2022-07-06T13:24:54.406] [WARN] fileWarn - Recurso inexistente NaN://localhost:8080/api/carrito/62c570e7b845a3ad341bf4eb/productos/625493f48071ab52ae2e7d82
[2022-07-06T14:48:38.094] [WARN] fileWarn - Recurso inexistente NaN://localhost:8080/api/carrito/62c570e7b845a3ad341bf4eb/Comprar
[2022-07-06T20:18:05.043] [WARN] fileWarn - Recurso inexistente NaN://localhost:8080/css/login.css
[2022-07-06T20:18:05.255] [WARN] fileWarn - Recurso inexistente NaN://localhost:8080/scripts/login.js
[2022-07-06T20:18:05.259] [WARN] fileWarn - Recurso inexistente NaN://localhost:8080/scripts/prefix.js
[2022-07-06T20:18:05.265] [WARN] fileWarn - Recurso inexistente NaN://localhost:8080/images/logocoder.png
[2022-07-06T20:18:50.378] [WARN] fileWarn - Recurso inexistente NaN://localhost:8080/css/login.css
[2022-07-06T20:18:50.420] [WARN] fileWarn - Recurso inexistente NaN://localhost:8080/scripts/login.js
[2022-07-06T20:18:50.421] [WARN] fileWarn - Recurso inexistente NaN://localhost:8080/scripts/prefix.js
[2022-07-06T20:18:50.426] [WARN] fileWarn - Recurso inexistente NaN://localhost:8080/images/logocoder.png
[2022-07-06T20:19:35.222] [WARN] fileWarn - Recurso inexistente NaN://localhost:8080/css/login.css
[2022-07-06T20:19:35.311] [WARN] fileWarn - Recurso inexistente NaN://localhost:8080/images/logocoder.png
[2022-07-06T20:19:35.312] [WARN] fileWarn - Recurso inexistente NaN://localhost:8080/scripts/prefix.js
[2022-07-06T20:19:35.317] [WARN] fileWarn - Recurso inexistente NaN://localhost:8080/scripts/login.js
[2022-07-06T20:20:44.869] [WARN] fileWarn - Recurso inexistente NaN://localhost:8080/css/login.css
[2022-07-06T20:20:44.935] [WARN] fileWarn - Recurso inexistente NaN://localhost:8080/scripts/login.js
[2022-07-06T20:20:44.943] [WARN] fileWarn - Recurso inexistente NaN://localhost:8080/scripts/prefix.js
[2022-07-06T20:20:44.944] [WARN] fileWarn - Recurso inexistente NaN://localhost:8080/images/logocoder.png
[2022-07-06T20:22:21.429] [WARN] fileWarn - Recurso inexistente NaN://localhost:8080/css/login.css
[2022-07-06T20:22:21.490] [WARN] fileWarn - Recurso inexistente NaN://localhost:8080/scripts/login.js
[2022-07-06T20:22:21.495] [WARN] fileWarn - Recurso inexistente NaN://localhost:8080/images/logocoder.png
[2022-07-06T20:23:06.570] [WARN] fileWarn - Recurso inexistente NaN://localhost:8080/css/login.css
[2022-07-06T20:23:06.630] [WARN] fileWarn - Recurso inexistente NaN://localhost:8080/scripts/login.js
[2022-07-06T20:23:06.639] [WARN] fileWarn - Recurso inexistente NaN://localhost:8080/images/logocoder.png
[2022-07-06T20:23:06.639] [WARN] fileWarn - Recurso inexistente NaN://localhost:8080/scripts/prefix.js
[2022-07-06T20:23:22.886] [WARN] fileWarn - Recurso inexistente NaN://localhost:8080/css/login.css
[2022-07-06T20:23:22.944] [WARN] fileWarn - Recurso inexistente NaN://localhost:8080/scripts/login.js
[2022-07-06T20:23:22.950] [WARN] fileWarn - Recurso inexistente NaN://localhost:8080/scripts/prefix.js
[2022-07-06T20:23:22.953] [WARN] fileWarn - Recurso inexistente NaN://localhost:8080/images/logocoder.png
[2022-07-06T20:24:25.230] [WARN] fileWarn - Recurso inexistente NaN://localhost:8080/css/login.css
[2022-07-06T20:24:25.287] [WARN] fileWarn - Recurso inexistente NaN://localhost:8080/scripts/login.js
[2022-07-06T20:24:25.292] [WARN] fileWarn - Recurso inexistente NaN://localhost:8080/scripts/prefix.js
[2022-07-06T20:24:25.293] [WARN] fileWarn - Recurso inexistente NaN://localhost:8080/images/logocoder.png
[2022-07-06T20:29:59.674] [WARN] fileWarn - Recurso inexistente NaN://localhost:8080/css/login.css
[2022-07-06T20:29:59.733] [WARN] fileWarn - Recurso inexistente NaN://localhost:8080/scripts/login.js
[2022-07-06T20:29:59.739] [WARN] fileWarn - Recurso inexistente NaN://localhost:8080/scripts/prefix.js
[2022-07-06T20:29:59.739] [WARN] fileWarn - Recurso inexistente NaN://localhost:8080/images/logocoder.png
[2022-07-06T20:30:29.118] [WARN] fileWarn - Recurso inexistente NaN://localhost:8080/css/login.css
[2022-07-06T20:30:29.186] [WARN] fileWarn - Recurso inexistente NaN://localhost:8080/scripts/login.js
[2022-07-06T20:30:29.196] [WARN] fileWarn - Recurso inexistente NaN://localhost:8080/scripts/prefix.js
[2022-07-06T20:30:29.200] [WARN] fileWarn - Recurso inexistente NaN://localhost:8080/images/logocoder.png
[2022-07-06T20:32:30.542] [WARN] fileWarn - Recurso inexistente NaN://localhost:8080/css/login.css
[2022-07-06T20:32:30.603] [WARN] fileWarn - Recurso inexistente NaN://localhost:8080/scripts/prefix.js
[2022-07-06T20:32:30.604] [WARN] fileWarn - Recurso inexistente NaN://localhost:8080/scripts/login.js
[2022-07-06T20:32:30.606] [WARN] fileWarn - Recurso inexistente NaN://localhost:8080/images/logocoder.png
[2022-07-06T20:33:05.240] [WARN] fileWarn - Recurso inexistente NaN://localhost:8080/css/login.css
[2022-07-06T20:35:21.974] [WARN] fileWarn - Recurso inexistente NaN://localhost:8080/css/login.css
[2022-07-06T20:35:22.030] [WARN] fileWarn - Recurso inexistente NaN://localhost:8080/scripts/login.js
[2022-07-06T20:35:22.037] [WARN] fileWarn - Recurso inexistente NaN://localhost:8080/images/logocoder.png
[2022-07-06T20:35:22.038] [WARN] fileWarn - Recurso inexistente NaN://localhost:8080/scripts/prefix.js
[2022-07-06T20:37:06.779] [WARN] fileWarn - Recurso inexistente NaN://localhost:8080/css/login.css
[2022-07-06T20:37:06.840] [WARN] fileWarn - Recurso inexistente NaN://localhost:8080/scripts/login.js
[2022-07-06T20:37:06.846] [WARN] fileWarn - Recurso inexistente NaN://localhost:8080/scripts/prefix.js
[2022-07-06T20:37:06.848] [WARN] fileWarn - Recurso inexistente NaN://localhost:8080/images/logocoder.png
[2022-07-06T20:37:15.604] [WARN] fileWarn - Recurso inexistente NaN://localhost:8080/css/login.css
[2022-07-06T20:37:15.625] [WARN] fileWarn - Recurso inexistente NaN://localhost:8080/scripts/login.js
[2022-07-06T20:37:15.626] [WARN] fileWarn - Recurso inexistente NaN://localhost:8080/scripts/prefix.js
[2022-07-06T20:37:15.629] [WARN] fileWarn - Recurso inexistente NaN://localhost:8080/images/logocoder.png
[2022-07-06T20:41:02.776] [WARN] fileWarn - Recurso inexistente NaN://localhost:8080/css/login.css
[2022-07-06T20:41:02.836] [WARN] fileWarn - Recurso inexistente NaN://localhost:8080/scripts/login.js
[2022-07-06T20:41:02.845] [WARN] fileWarn - Recurso inexistente NaN://localhost:8080/images/logocoder.png
[2022-07-06T20:41:02.847] [WARN] fileWarn - Recurso inexistente NaN://localhost:8080/scripts/prefix.js
[2022-07-06T20:43:08.227] [WARN] fileWarn - Recurso inexistente NaN://localhost:8080/css/login.css
[2022-07-06T20:43:08.251] [WARN] fileWarn - Recurso inexistente NaN://localhost:8080/scripts/login.js
[2022-07-06T20:43:08.259] [WARN] fileWarn - Recurso inexistente NaN://localhost:8080/scripts/prefix.js
[2022-07-06T20:43:08.262] [WARN] fileWarn - Recurso inexistente NaN://localhost:8080/images/logocoder.png
[2022-07-06T20:43:26.513] [WARN] fileWarn - Recurso inexistente NaN://localhost:8080/css/login.css
[2022-07-06T20:43:26.574] [WARN] fileWarn - Recurso inexistente NaN://localhost:8080/scripts/login.js
[2022-07-06T20:43:26.579] [WARN] fileWarn - Recurso inexistente NaN://localhost:8080/scripts/prefix.js
[2022-07-06T20:43:26.580] [WARN] fileWarn - Recurso inexistente NaN://localhost:8080/images/logocoder.png
[2022-07-06T20:46:34.854] [WARN] fileWarn - Recurso inexistente NaN://localhost:8080/css/login.css
[2022-07-06T20:46:34.914] [WARN] fileWarn - Recurso inexistente NaN://localhost:8080/scripts/login.js
[2022-07-06T20:46:34.915] [WARN] fileWarn - Recurso inexistente NaN://localhost:8080/scripts/prefix.js
[2022-07-06T20:46:34.920] [WARN] fileWarn - Recurso inexistente NaN://localhost:8080/images/logocoder.png
[2022-07-06T20:46:57.543] [WARN] fileWarn - Recurso inexistente NaN://localhost:8080/css/login.css
[2022-07-06T20:46:57.604] [WARN] fileWarn - Recurso inexistente NaN://localhost:8080/scripts/login.js
[2022-07-06T20:46:57.611] [WARN] fileWarn - Recurso inexistente NaN://localhost:8080/scripts/prefix.js
[2022-07-06T20:46:57.612] [WARN] fileWarn - Recurso inexistente NaN://localhost:8080/images/logocoder.png
[2022-07-06T20:50:40.696] [WARN] fileWarn - Recurso inexistente NaN://localhost:8080/css/login.css
[2022-07-06T20:50:40.770] [WARN] fileWarn - Recurso inexistente NaN://localhost:8080/scripts/login.js
[2022-07-06T20:50:40.777] [WARN] fileWarn - Recurso inexistente NaN://localhost:8080/scripts/prefix.js
[2022-07-06T20:50:40.782] [WARN] fileWarn - Recurso inexistente NaN://localhost:8080/images/logocoder.png
[2022-07-06T20:51:00.387] [WARN] fileWarn - Recurso inexistente NaN://localhost:8080/css/login.css
[2022-07-06T20:51:00.450] [WARN] fileWarn - Recurso inexistente NaN://localhost:8080/scripts/login.js
[2022-07-06T20:51:00.456] [WARN] fileWarn - Recurso inexistente NaN://localhost:8080/scripts/prefix.js
[2022-07-06T20:51:00.460] [WARN] fileWarn - Recurso inexistente NaN://localhost:8080/images/logocoder.png
[2022-07-06T20:51:20.448] [WARN] fileWarn - Recurso inexistente NaN://localhost:8080/css/login.css
[2022-07-06T20:51:20.522] [WARN] fileWarn - Recurso inexistente NaN://localhost:8080/scripts/login.js
[2022-07-06T20:51:20.531] [WARN] fileWarn - Recurso inexistente NaN://localhost:8080/images/logocoder.png
[2022-07-06T20:51:20.532] [WARN] fileWarn - Recurso inexistente NaN://localhost:8080/scripts/prefix.js
[2022-07-06T20:51:51.673] [WARN] fileWarn - Recurso inexistente NaN://localhost:8080/css/login.css
[2022-07-06T20:51:51.731] [WARN] fileWarn - Recurso inexistente NaN://localhost:8080/scripts/login.js
[2022-07-06T20:51:51.737] [WARN] fileWarn - Recurso inexistente NaN://localhost:8080/scripts/prefix.js
[2022-07-06T20:51:51.738] [WARN] fileWarn - Recurso inexistente NaN://localhost:8080/images/logocoder.png
[2022-07-06T20:52:53.580] [WARN] fileWarn - Recurso inexistente NaN://localhost:8080/css/login.css
[2022-07-06T20:52:53.639] [WARN] fileWarn - Recurso inexistente NaN://localhost:8080/scripts/login.js
[2022-07-06T20:52:53.644] [WARN] fileWarn - Recurso inexistente NaN://localhost:8080/scripts/prefix.js
[2022-07-06T20:52:53.645] [WARN] fileWarn - Recurso inexistente NaN://localhost:8080/images/logocoder.png
[2022-07-06T20:56:31.741] [WARN] fileWarn - Recurso inexistente NaN://localhost:8080/css/login.css
[2022-07-06T20:59:58.977] [WARN] fileWarn - Recurso inexistente NaN://localhost:8080/css/login.css
[2022-07-06T20:59:59.055] [WARN] fileWarn - Recurso inexistente NaN://localhost:8080/scripts/login.js
[2022-07-06T20:59:59.055] [WARN] fileWarn - Recurso inexistente NaN://localhost:8080/scripts/prefix.js
[2022-07-06T20:59:59.062] [WARN] fileWarn - Recurso inexistente NaN://localhost:8080/images/logocoder.png
[2022-07-06T21:00:14.249] [WARN] fileWarn - Recurso inexistente NaN://localhost:8080/css/login.css
[2022-07-06T21:00:14.324] [WARN] fileWarn - Recurso inexistente NaN://localhost:8080/scripts/login.js
[2022-07-06T21:00:14.329] [WARN] fileWarn - Recurso inexistente NaN://localhost:8080/scripts/prefix.js
[2022-07-06T21:00:14.332] [WARN] fileWarn - Recurso inexistente NaN://localhost:8080/images/logocoder.png
[2022-07-06T21:03:20.802] [WARN] fileWarn - Recurso inexistente NaN://localhost:8080/css/login.css
[2022-07-06T21:03:20.887] [WARN] fileWarn - Recurso inexistente NaN://localhost:8080/scripts/login.js
[2022-07-06T21:03:20.890] [WARN] fileWarn - Recurso inexistente NaN://localhost:8080/scripts/prefix.js
[2022-07-06T21:03:20.891] [WARN] fileWarn - Recurso inexistente NaN://localhost:8080/images/logocoder.png
[2022-07-06T21:03:35.885] [WARN] fileWarn - Recurso inexistente NaN://localhost:8080/css/login.css
[2022-07-06T21:03:35.946] [WARN] fileWarn - Recurso inexistente NaN://localhost:8080/scripts/login.js
[2022-07-06T21:03:35.946] [WARN] fileWarn - Recurso inexistente NaN://localhost:8080/scripts/prefix.js
[2022-07-06T21:03:35.949] [WARN] fileWarn - Recurso inexistente NaN://localhost:8080/images/logocoder.png
[2022-07-06T21:03:48.166] [WARN] fileWarn - Recurso inexistente NaN://localhost:8080/css/login.css
[2022-07-06T21:03:48.227] [WARN] fileWarn - Recurso inexistente NaN://localhost:8080/scripts/login.js
[2022-07-06T21:03:48.227] [WARN] fileWarn - Recurso inexistente NaN://localhost:8080/scripts/prefix.js
[2022-07-06T21:03:48.230] [WARN] fileWarn - Recurso inexistente NaN://localhost:8080/images/logocoder.png
[2022-07-06T21:04:03.497] [WARN] fileWarn - Recurso inexistente NaN://localhost:8080/css/login.css
[2022-07-06T21:04:03.557] [WARN] fileWarn - Recurso inexistente NaN://localhost:8080/scripts/login.js
[2022-07-06T21:04:03.559] [WARN] fileWarn - Recurso inexistente NaN://localhost:8080/scripts/prefix.js
[2022-07-06T21:04:03.560] [WARN] fileWarn - Recurso inexistente NaN://localhost:8080/images/logocoder.png
[2022-07-06T21:04:27.610] [WARN] fileWarn - Recurso inexistente NaN://localhost:8080/css/login.css
[2022-07-06T21:04:27.670] [WARN] fileWarn - Recurso inexistente NaN://localhost:8080/scripts/login.js
[2022-07-06T21:04:27.680] [WARN] fileWarn - Recurso inexistente NaN://localhost:8080/scripts/prefix.js
[2022-07-06T21:04:27.682] [WARN] fileWarn - Recurso inexistente NaN://localhost:8080/images/logocoder.png
[2022-07-06T21:04:44.333] [WARN] fileWarn - Recurso inexistente NaN://localhost:8080/css/login.css
[2022-07-06T21:04:44.392] [WARN] fileWarn - Recurso inexistente NaN://localhost:8080/scripts/login.js
[2022-07-06T21:04:44.396] [WARN] fileWarn - Recurso inexistente NaN://localhost:8080/scripts/prefix.js
[2022-07-06T21:04:44.398] [WARN] fileWarn - Recurso inexistente NaN://localhost:8080/images/logocoder.png
[2022-07-06T21:05:17.660] [WARN] fileWarn - Recurso inexistente NaN://localhost:8080/css/login.css
[2022-07-06T21:05:17.720] [WARN] fileWarn - Recurso inexistente NaN://localhost:8080/scripts/login.js
[2022-07-06T21:05:17.725] [WARN] fileWarn - Recurso inexistente NaN://localhost:8080/scripts/prefix.js
[2022-07-06T21:05:17.728] [WARN] fileWarn - Recurso inexistente NaN://localhost:8080/images/logocoder.png
[2022-07-06T21:06:43.256] [WARN] fileWarn - Recurso inexistente NaN://localhost:8080/css/login.css
[2022-07-06T21:06:43.279] [WARN] fileWarn - Recurso inexistente NaN://localhost:8080/scripts/login.js
[2022-07-06T21:06:43.284] [WARN] fileWarn - Recurso inexistente NaN://localhost:8080/scripts/prefix.js
[2022-07-06T21:06:43.286] [WARN] fileWarn - Recurso inexistente NaN://localhost:8080/images/logocoder.png
[2022-07-06T21:07:17.024] [WARN] fileWarn - Recurso inexistente NaN://localhost:8080/css/login.css
[2022-07-06T21:07:17.084] [WARN] fileWarn - Recurso inexistente NaN://localhost:8080/scripts/login.js
[2022-07-06T21:07:17.089] [WARN] fileWarn - Recurso inexistente NaN://localhost:8080/scripts/prefix.js
[2022-07-06T21:07:17.093] [WARN] fileWarn - Recurso inexistente NaN://localhost:8080/images/logocoder.png
[2022-07-06T21:07:34.965] [WARN] fileWarn - Recurso inexistente NaN://localhost:8080/css/login.css
[2022-07-06T21:07:35.030] [WARN] fileWarn - Recurso inexistente NaN://localhost:8080/scripts/login.js
[2022-07-06T21:07:35.036] [WARN] fileWarn - Recurso inexistente NaN://localhost:8080/scripts/prefix.js
[2022-07-06T21:07:35.038] [WARN] fileWarn - Recurso inexistente NaN://localhost:8080/images/logocoder.png
[2022-07-06T21:07:38.045] [WARN] fileWarn - Recurso inexistente NaN://localhost:8080/images/logocoder.png
[2022-07-06T21:07:38.046] [WARN] fileWarn - Recurso inexistente NaN://localhost:8080/css/login.css
[2022-07-06T21:07:38.068] [WARN] fileWarn - Recurso inexistente NaN://localhost:8080/scripts/login.js
[2022-07-06T21:07:38.069] [WARN] fileWarn - Recurso inexistente NaN://localhost:8080/scripts/prefix.js
[2022-07-06T21:08:02.979] [WARN] fileWarn - Recurso inexistente NaN://localhost:8080/css/login.css
[2022-07-06T21:08:02.985] [WARN] fileWarn - Recurso inexistente NaN://localhost:8080/images/logocoder.png
[2022-07-06T21:08:03.038] [WARN] fileWarn - Recurso inexistente NaN://localhost:8080/scripts/login.js
[2022-07-06T21:08:03.039] [WARN] fileWarn - Recurso inexistente NaN://localhost:8080/scripts/prefix.js
[2022-07-06T21:08:13.662] [WARN] fileWarn - Recurso inexistente NaN://localhost:8080/css/login.css
[2022-07-06T21:08:13.663] [WARN] fileWarn - Recurso inexistente NaN://localhost:8080/images/logocoder.png
[2022-07-06T21:08:13.717] [WARN] fileWarn - Recurso inexistente NaN://localhost:8080/scripts/login.js
[2022-07-06T21:08:13.718] [WARN] fileWarn - Recurso inexistente NaN://localhost:8080/scripts/prefix.js
[2022-07-06T21:08:46.103] [WARN] fileWarn - Recurso inexistente NaN://localhost:8080/css/login.css
[2022-07-06T21:08:46.113] [WARN] fileWarn - Recurso inexistente NaN://localhost:8080/images/logocoder.png
[2022-07-06T21:08:46.163] [WARN] fileWarn - Recurso inexistente NaN://localhost:8080/scripts/login.js
[2022-07-06T21:08:46.166] [WARN] fileWarn - Recurso inexistente NaN://localhost:8080/scripts/prefix.js
[2022-07-06T21:09:08.362] [WARN] fileWarn - Recurso inexistente NaN://localhost:8080/css/login.css
[2022-07-06T21:10:36.593] [WARN] fileWarn - Recurso inexistente NaN://localhost:8080/css/login.css
[2022-07-06T21:10:36.599] [WARN] fileWarn - Recurso inexistente NaN://localhost:8080/css/login2.css
[2022-07-06T21:10:36.672] [WARN] fileWarn - Recurso inexistente NaN://localhost:8080/scripts/login.js
[2022-07-06T21:10:36.678] [WARN] fileWarn - Recurso inexistente NaN://localhost:8080/scripts/prefix.js
[2022-07-06T21:10:36.682] [WARN] fileWarn - Recurso inexistente NaN://localhost:8080/images/logocoder.png
[2022-07-06T21:11:55.765] [WARN] fileWarn - Recurso inexistente NaN://localhost:8080/css/login.css
[2022-07-06T21:11:55.765] [WARN] fileWarn - Recurso inexistente NaN://localhost:8080/css/login2.css
[2022-07-06T21:11:55.846] [WARN] fileWarn - Recurso inexistente NaN://localhost:8080/scripts/login.js
[2022-07-06T21:11:55.850] [WARN] fileWarn - Recurso inexistente NaN://localhost:8080/scripts/prefix.js
[2022-07-06T21:11:55.855] [WARN] fileWarn - Recurso inexistente NaN://localhost:8080/images/logocoder.png
[2022-07-06T21:13:40.541] [WARN] fileWarn - Recurso inexistente NaN://localhost:8080/css/login.css
[2022-07-06T21:13:40.610] [WARN] fileWarn - Recurso inexistente NaN://localhost:8080/scripts/login.js
[2022-07-06T21:13:40.618] [WARN] fileWarn - Recurso inexistente NaN://localhost:8080/scripts/prefix.js
[2022-07-06T21:13:40.622] [WARN] fileWarn - Recurso inexistente NaN://localhost:8080/images/logocoder.png
[2022-07-06T21:14:24.985] [WARN] fileWarn - Recurso inexistente NaN://localhost:8080/css/login.css
[2022-07-06T21:14:25.056] [WARN] fileWarn - Recurso inexistente NaN://localhost:8080/scripts/login.js
[2022-07-06T21:14:25.062] [WARN] fileWarn - Recurso inexistente NaN://localhost:8080/scripts/prefix.js
[2022-07-06T21:14:25.067] [WARN] fileWarn - Recurso inexistente NaN://localhost:8080/images/logocoder.png
[2022-07-06T21:15:49.609] [WARN] fileWarn - Recurso inexistente NaN://localhost:8080/css/login.css
[2022-07-06T21:15:49.680] [WARN] fileWarn - Recurso inexistente NaN://localhost:8080/scripts/login.js
[2022-07-06T21:15:49.687] [WARN] fileWarn - Recurso inexistente NaN://localhost:8080/scripts/prefix.js
[2022-07-06T21:15:49.689] [WARN] fileWarn - Recurso inexistente NaN://localhost:8080/images/logocoder.png
[2022-07-06T21:16:00.963] [WARN] fileWarn - Recurso inexistente NaN://localhost:8080/css/login.css
[2022-07-06T21:16:01.038] [WARN] fileWarn - Recurso inexistente NaN://localhost:8080/scripts/login.js
[2022-07-06T21:16:01.043] [WARN] fileWarn - Recurso inexistente NaN://localhost:8080/scripts/prefix.js
[2022-07-06T21:16:01.046] [WARN] fileWarn - Recurso inexistente NaN://localhost:8080/images/logocoder.png
[2022-07-06T21:17:06.219] [WARN] fileWarn - Recurso inexistente NaN://localhost:8080/css/login.css
[2022-07-06T21:17:06.296] [WARN] fileWarn - Recurso inexistente NaN://localhost:8080/scripts/login.js
[2022-07-06T21:17:06.304] [WARN] fileWarn - Recurso inexistente NaN://localhost:8080/scripts/prefix.js
[2022-07-06T21:17:06.323] [WARN] fileWarn - Recurso inexistente NaN://localhost:8080/images/logocoder.png
[2022-07-06T21:17:20.744] [WARN] fileWarn - Recurso inexistente NaN://localhost:8080/css/login.css
[2022-07-06T21:17:20.813] [WARN] fileWarn - Recurso inexistente NaN://localhost:8080/scripts/login.js
[2022-07-06T21:17:20.819] [WARN] fileWarn - Recurso inexistente NaN://localhost:8080/scripts/prefix.js
[2022-07-06T21:17:20.822] [WARN] fileWarn - Recurso inexistente NaN://localhost:8080/images/logocoder.png
[2022-07-06T21:17:34.422] [WARN] fileWarn - Recurso inexistente NaN://localhost:8080/css/login.css
[2022-07-06T21:17:34.497] [WARN] fileWarn - Recurso inexistente NaN://localhost:8080/scripts/login.js
[2022-07-06T21:17:34.503] [WARN] fileWarn - Recurso inexistente NaN://localhost:8080/scripts/prefix.js
[2022-07-06T21:17:34.506] [WARN] fileWarn - Recurso inexistente NaN://localhost:8080/images/logocoder.png
[2022-07-06T21:18:04.960] [WARN] fileWarn - Recurso inexistente NaN://localhost:8080/css/login.css
[2022-07-06T21:18:05.028] [WARN] fileWarn - Recurso inexistente NaN://localhost:8080/scripts/login.js
[2022-07-06T21:18:05.036] [WARN] fileWarn - Recurso inexistente NaN://localhost:8080/scripts/prefix.js
[2022-07-06T21:18:05.037] [WARN] fileWarn - Recurso inexistente NaN://localhost:8080/images/logocoder.png
[2022-07-06T21:33:51.964] [WARN] fileWarn - Recurso inexistente NaN://localhost:8080/css/login.css
[2022-07-06T21:33:52.062] [WARN] fileWarn - Recurso inexistente NaN://localhost:8080/scripts/login.js
[2022-07-06T21:33:52.063] [WARN] fileWarn - Recurso inexistente NaN://localhost:8080/images/logocoder.png
[2022-07-06T21:33:52.066] [WARN] fileWarn - Recurso inexistente NaN://localhost:8080/scripts/prefix.js
[2022-07-06T21:34:13.915] [WARN] fileWarn - Recurso inexistente NaN://localhost:8080/images/logocoder.png
[2022-07-06T21:34:13.921] [WARN] fileWarn - Recurso inexistente NaN://localhost:8080/css/login.css
[2022-07-06T21:35:59.802] [WARN] fileWarn - Recurso inexistente NaN://localhost:8080/css/login.css
[2022-07-06T21:35:59.829] [WARN] fileWarn - Recurso inexistente NaN://localhost:8080/scripts/login.js
[2022-07-06T21:35:59.837] [WARN] fileWarn - Recurso inexistente NaN://localhost:8080/scripts/prefix.js
[2022-07-06T21:35:59.838] [WARN] fileWarn - Recurso inexistente NaN://localhost:8080/images/logocoder.png
[2022-07-06T21:36:41.771] [WARN] fileWarn - Recurso inexistente NaN://localhost:8080/css/login.css
[2022-07-06T21:36:41.781] [WARN] fileWarn - Recurso inexistente NaN://localhost:8080/images/logocoder.png
[2022-07-06T21:36:44.290] [WARN] fileWarn - Recurso inexistente NaN://localhost:8080/css/login.css
[2022-07-06T21:36:44.292] [WARN] fileWarn - Recurso inexistente NaN://localhost:8080/scripts/login.js
[2022-07-06T21:36:44.510] [WARN] fileWarn - Recurso inexistente NaN://localhost:8080/scripts/prefix.js
[2022-07-06T21:36:44.530] [WARN] fileWarn - Recurso inexistente NaN://localhost:8080/images/logocoder.png
[2022-07-07T09:43:49.732] [WARN] fileWarn - Recurso inexistente NaN://localhost:8080/css/login.css
[2022-07-07T09:43:49.742] [WARN] fileWarn - Recurso inexistente NaN://localhost:8080/images/logocoder.png
[2022-07-07T09:43:49.743] [WARN] fileWarn - Recurso inexistente NaN://localhost:8080/scripts/login.js
[2022-07-07T09:43:49.744] [WARN] fileWarn - Recurso inexistente NaN://localhost:8080/scripts/prefix.js
[2022-07-07T14:48:14.982] [WARN] fileWarn - Recurso inexistente NaN://localhost:8080/css/login.css
[2022-07-07T14:48:14.997] [WARN] fileWarn - Recurso inexistente NaN://localhost:8080/images/logocoder.png
[2022-07-07T14:48:14.998] [WARN] fileWarn - Recurso inexistente NaN://localhost:8080/scripts/login.js
[2022-07-07T14:48:15.003] [WARN] fileWarn - Recurso inexistente NaN://localhost:8080/scripts/prefix.js
[2022-07-07T14:50:18.287] [WARN] fileWarn - Recurso inexistente NaN://localhost:8080/css/login.css
[2022-07-07T14:50:18.342] [WARN] fileWarn - Recurso inexistente NaN://localhost:8080/images/logocoder.png
[2022-07-07T14:50:20.396] [WARN] fileWarn - Recurso inexistente NaN://localhost:8080/css/login.css
[2022-07-07T14:50:20.420] [WARN] fileWarn - Recurso inexistente NaN://localhost:8080/scripts/login.js
[2022-07-07T14:50:20.421] [WARN] fileWarn - Recurso inexistente NaN://localhost:8080/scripts/prefix.js
[2022-07-07T14:50:20.424] [WARN] fileWarn - Recurso inexistente NaN://localhost:8080/images/logocoder.png
[2022-07-07T14:52:44.945] [WARN] fileWarn - Recurso inexistente NaN://localhost:8080/css/login.css
[2022-07-07T14:52:44.966] [WARN] fileWarn - Recurso inexistente NaN://localhost:8080/scripts/login.js
[2022-07-07T14:52:44.973] [WARN] fileWarn - Recurso inexistente NaN://localhost:8080/scripts/prefix.js
[2022-07-07T14:52:44.974] [WARN] fileWarn - Recurso inexistente NaN://localhost:8080/images/logocoder.png
[2022-07-07T14:57:16.886] [WARN] fileWarn - Recurso inexistente NaN://localhost:8080/css/login.css
[2022-07-07T14:57:16.956] [WARN] fileWarn - Recurso inexistente NaN://localhost:8080/scripts/login.js
[2022-07-07T14:57:16.958] [WARN] fileWarn - Recurso inexistente NaN://localhost:8080/scripts/prefix.js
[2022-07-07T14:57:16.960] [WARN] fileWarn - Recurso inexistente NaN://localhost:8080/images/logocoder.png
[2022-07-07T14:57:36.994] [WARN] fileWarn - Recurso inexistente NaN://localhost:8080/images/logocoder.png
[2022-07-07T14:57:37.013] [WARN] fileWarn - Recurso inexistente NaN://localhost:8080/css/login.css
[2022-07-07T14:57:39.509] [WARN] fileWarn - Recurso inexistente NaN://localhost:8080/scripts/login.js
[2022-07-07T14:57:39.516] [WARN] fileWarn - Recurso inexistente NaN://localhost:8080/css/login.css
[2022-07-07T14:57:39.724] [WARN] fileWarn - Recurso inexistente NaN://localhost:8080/scripts/prefix.js
[2022-07-07T14:57:39.754] [WARN] fileWarn - Recurso inexistente NaN://localhost:8080/images/logocoder.png
[2022-07-07T15:11:21.602] [WARN] fileWarn - Recurso inexistente NaN://localhost:8080/css/login.css
[2022-07-07T15:11:21.625] [WARN] fileWarn - Recurso inexistente NaN://localhost:8080/scripts/login.js
[2022-07-07T15:11:21.627] [WARN] fileWarn - Recurso inexistente NaN://localhost:8080/scripts/prefix.js
[2022-07-07T15:11:21.636] [WARN] fileWarn - Recurso inexistente NaN://localhost:8080/images/logocoder.png
[2022-07-07T15:16:58.896] [WARN] fileWarn - Recurso inexistente NaN://localhost:8080/css/login.css
[2022-07-07T15:16:58.901] [WARN] fileWarn - Recurso inexistente NaN://localhost:8080/images/logocoder.png
[2022-07-07T15:16:58.922] [WARN] fileWarn - Recurso inexistente NaN://localhost:8080/scripts/login.js
[2022-07-07T15:16:58.923] [WARN] fileWarn - Recurso inexistente NaN://localhost:8080/scripts/prefix.js
[2022-07-07T15:25:10.699] [WARN] fileWarn - Recurso inexistente NaN://localhost:8080/css/login.css
[2022-07-07T15:25:10.705] [WARN] fileWarn - Recurso inexistente NaN://localhost:8080/images/logocoder.png
[2022-07-07T15:25:10.772] [WARN] fileWarn - Recurso inexistente NaN://localhost:8080/scripts/login.js
[2022-07-07T15:25:10.773] [WARN] fileWarn - Recurso inexistente NaN://localhost:8080/scripts/prefix.js
[2022-07-07T15:29:01.699] [WARN] fileWarn - Recurso inexistente NaN://localhost:8080/css/login.css
[2022-07-07T15:29:01.770] [WARN] fileWarn - Recurso inexistente NaN://localhost:8080/scripts/login.js
[2022-07-07T15:29:01.777] [WARN] fileWarn - Recurso inexistente NaN://localhost:8080/scripts/prefix.js
[2022-07-07T15:29:01.780] [WARN] fileWarn - Recurso inexistente NaN://localhost:8080/images/logocoder.png
[2022-07-07T15:31:48.965] [WARN] fileWarn - Recurso inexistente NaN://localhost:8080/css/login.css
[2022-07-07T15:31:49.028] [WARN] fileWarn - Recurso inexistente NaN://localhost:8080/scripts/login.js
[2022-07-07T15:31:49.036] [WARN] fileWarn - Recurso inexistente NaN://localhost:8080/scripts/prefix.js
[2022-07-07T15:31:49.038] [WARN] fileWarn - Recurso inexistente NaN://localhost:8080/images/logocoder.png
[2022-07-07T15:33:32.573] [WARN] fileWarn - Recurso inexistente NaN://localhost:8080/css/login.css
[2022-07-07T15:33:32.643] [WARN] fileWarn - Recurso inexistente NaN://localhost:8080/scripts/login.js
[2022-07-07T15:33:32.644] [WARN] fileWarn - Recurso inexistente NaN://localhost:8080/scripts/prefix.js
[2022-07-07T15:33:32.647] [WARN] fileWarn - Recurso inexistente NaN://localhost:8080/images/logocoder.png
[2022-07-07T15:40:27.848] [WARN] fileWarn - Recurso inexistente NaN://localhost:8080/css/login.css
[2022-07-07T15:40:27.864] [WARN] fileWarn - Recurso inexistente NaN://localhost:8080/images/logocoder.png
[2022-07-07T15:40:30.364] [WARN] fileWarn - Recurso inexistente NaN://localhost:8080/css/login.css
[2022-07-07T15:40:30.366] [WARN] fileWarn - Recurso inexistente NaN://localhost:8080/scripts/login.js
[2022-07-07T15:40:30.582] [WARN] fileWarn - Recurso inexistente NaN://localhost:8080/images/logocoder.png
[2022-07-07T15:40:30.602] [WARN] fileWarn - Recurso inexistente NaN://localhost:8080/scripts/prefix.js
[2022-07-07T15:40:47.512] [WARN] fileWarn - Recurso inexistente NaN://localhost:8080/images/logocoder.png
[2022-07-07T15:40:47.529] [WARN] fileWarn - Recurso inexistente NaN://localhost:8080/css/login.css
[2022-07-07T15:40:50.485] [WARN] fileWarn - Recurso inexistente NaN://localhost:8080/css/login.css
[2022-07-07T15:40:50.493] [WARN] fileWarn - Recurso inexistente NaN://localhost:8080/scripts/login.js
[2022-07-07T15:40:50.701] [WARN] fileWarn - Recurso inexistente NaN://localhost:8080/images/logocoder.png
[2022-07-07T15:40:50.714] [WARN] fileWarn - Recurso inexistente NaN://localhost:8080/scripts/prefix.js
[2022-07-07T15:43:56.053] [WARN] fileWarn - Recurso inexistente NaN://localhost:8080/public/images/uploads/Flor&Juan-1.jpg
[2022-07-07T15:56:56.413] [WARN] fileWarn - Recurso inexistente NaN://localhost:8080/css/login.css
[2022-07-07T15:56:56.535] [WARN] fileWarn - Recurso inexistente NaN://localhost:8080/scripts/prefix.js
[2022-07-07T15:56:56.537] [WARN] fileWarn - Recurso inexistente NaN://localhost:8080/scripts/login.js
[2022-07-07T15:56:56.540] [WARN] fileWarn - Recurso inexistente NaN://localhost:8080/images/logocoder.png
[2022-07-07T16:00:12.842] [WARN] fileWarn - Recurso inexistente NaN://localhost:8080/css/login.css
[2022-07-07T16:00:12.871] [WARN] fileWarn - Recurso inexistente NaN://localhost:8080/images/logocoder.png
[2022-07-07T16:00:15.657] [WARN] fileWarn - Recurso inexistente NaN://localhost:8080/scripts/login.js
[2022-07-07T16:00:15.661] [WARN] fileWarn - Recurso inexistente NaN://localhost:8080/css/login.css
[2022-07-07T16:00:15.883] [WARN] fileWarn - Recurso inexistente NaN://localhost:8080/images/logocoder.png
[2022-07-07T16:00:15.905] [WARN] fileWarn - Recurso inexistente NaN://localhost:8080/scripts/prefix.js
[2022-07-07T17:08:43.237] [WARN] fileWarn - Recurso inexistente NaN://localhost:8080/css/login.css
[2022-07-07T17:08:43.303] [WARN] fileWarn - Recurso inexistente NaN://localhost:8080/scripts/login.js
[2022-07-07T17:08:43.308] [WARN] fileWarn - Recurso inexistente NaN://localhost:8080/scripts/prefix.js
[2022-07-07T17:08:43.309] [WARN] fileWarn - Recurso inexistente NaN://localhost:8080/images/logocoder.png
[2022-07-07T17:09:09.490] [WARN] fileWarn - Recurso inexistente NaN://localhost:8080/images/logocoder.png
[2022-07-07T17:09:09.493] [WARN] fileWarn - Recurso inexistente NaN://localhost:8080/css/login.css
[2022-07-07T17:09:12.049] [WARN] fileWarn - Recurso inexistente NaN://localhost:8080/scripts/login.js
[2022-07-07T17:09:12.052] [WARN] fileWarn - Recurso inexistente NaN://localhost:8080/css/login.css
[2022-07-07T17:09:12.274] [WARN] fileWarn - Recurso inexistente NaN://localhost:8080/images/logocoder.png
[2022-07-07T17:09:12.285] [WARN] fileWarn - Recurso inexistente NaN://localhost:8080/scripts/prefix.js
[2022-07-11T10:27:00.021] [WARN] fileWarn - Recurso inexistente NaN://localhost:8080/api/productos
